<?xml version="1.0" encoding="UTF-8"?>
<!-- Generated by org.testng.reporters.JUnitReportReporter -->
<testsuite skipped="0" hostname="DAWN" name="selenium.util.tests.FileDownloadTestFireFox" tests="1" failures="0" timestamp="01 May 2019 19:22:26 GMT" time="71.637" errors="0">
  <testcase name="downloadTest" time="71.637" classname="selenium.util.tests.FileDownloadTestFireFox"/>
</testsuite> <!-- selenium.util.tests.FileDownloadTestFireFox -->
