<?xml version="1.0" encoding="UTF-8"?>
<!-- Generated by org.testng.reporters.JUnitReportReporter -->
<testsuite skipped="0" hostname="DAWN" name="selenium.util.tests.FileDownLoadTest" tests="1" failures="0" timestamp="01 May 2019 18:45:51 GMT" time="41.647" errors="0">
  <testcase name="downloadTest" time="41.647" classname="selenium.util.tests.FileDownLoadTest"/>
</testsuite> <!-- selenium.util.tests.FileDownLoadTest -->
